<?xml version="1.0" encoding="UTF-8"?>
<testng-results skipped="0" failed="0" ignored="0" total="1" passed="1">
  <reporter-output>
  </reporter-output>
  <suite name="Default suite" duration-ms="28969" started-at="2020-03-04T04:46:07Z" finished-at="2020-03-04T04:46:36Z">
    <groups>
    </groups>
    <test name="Default test" duration-ms="28969" started-at="2020-03-04T04:46:07Z" finished-at="2020-03-04T04:46:36Z">
      <class name="pGTestCases.GenerateCardTest">
        <test-method status="PASS" signature="setUp()[pri:0, instance:pGTestCases.GenerateCardTest@7c7811]" name="setUp" is-config="true" duration-ms="23638" started-at="2020-03-04T04:46:07Z" finished-at="2020-03-04T04:46:31Z">
          <reporter-output>
          </reporter-output>
        </test-method> <!-- setUp -->
        <test-method status="PASS" signature="priceCheck()[pri:1, instance:pGTestCases.GenerateCardTest@7c7811]" name="priceCheck" duration-ms="2900" started-at="2020-03-04T04:46:31Z" finished-at="2020-03-04T04:46:34Z">
          <reporter-output>
          </reporter-output>
        </test-method> <!-- priceCheck -->
        <test-method status="PASS" signature="tearDown()[pri:0, instance:pGTestCases.GenerateCardTest@7c7811]" name="tearDown" is-config="true" duration-ms="2368" started-at="2020-03-04T04:46:34Z" finished-at="2020-03-04T04:46:36Z">
          <reporter-output>
          </reporter-output>
        </test-method> <!-- tearDown -->
      </class> <!-- pGTestCases.GenerateCardTest -->
    </test> <!-- Default test -->
  </suite> <!-- Default suite -->
</testng-results>
